2025-07-10 09:15:17.592 [info] [main] Log level: Info
2025-07-10 09:15:17.592 [info] [main] Validating found git in: "git"
2025-07-10 09:15:17.592 [info] [main] Using git "2.49.0" from "git"
2025-07-10 09:15:17.592 [info] [Model][doInitialScan] Initial repository scan started
2025-07-10 09:15:17.592 [info] > git rev-parse --show-toplevel [3ms]
2025-07-10 09:15:17.592 [info] > git rev-parse --git-dir --git-common-dir [3ms]
2025-07-10 09:15:17.592 [info] [Model][openRepository] Opened repository (path): /workspace/DG-OrnaScan-App
2025-07-10 09:15:17.592 [info] [Model][openRepository] Opened repository (real path): /workspace/DG-OrnaScan-App
2025-07-10 09:15:17.592 [info] > git config --get commit.template [5ms]
2025-07-10 09:15:17.592 [info] > git rev-parse --show-toplevel [7ms]
2025-07-10 09:15:17.592 [info] > git rev-parse --show-toplevel [4ms]
2025-07-10 09:15:17.592 [info] > git for-each-ref --format=%(refname)%00%(upstream:short)%00%(objectname)%00%(upstream:track)%00%(upstream:remotename)%00%(upstream:remoteref) refs/heads/main refs/remotes/main [10ms]
2025-07-10 09:15:17.592 [warning] [Git][revParse] Unable to read file: ENOENT: no such file or directory, open '/workspace/DG-OrnaScan-App/.git/refs/remotes/origin/main'
2025-07-10 09:15:17.592 [info] > git rev-parse refs/remotes/origin/main [1ms]
2025-07-10 09:15:17.592 [info] > git rev-parse --show-toplevel [24ms]
2025-07-10 09:15:17.592 [info] [Model][doInitialScan] Initial repository scan completed - repositories (1), closed repositories (0), parent repositories (0), unsafe repositories (0)
2025-07-10 09:15:17.592 [info] > git status -z -uall [9ms]
2025-07-10 09:15:17.592 [info] > git for-each-ref --sort -committerdate --format %(refname)%00%(objectname)%00%(*objectname) [3ms]
2025-07-10 09:15:17.592 [info] > git for-each-ref --format=%(refname)%00%(upstream:short)%00%(objectname)%00%(upstream:track)%00%(upstream:remotename)%00%(upstream:remoteref) refs/heads/main refs/remotes/main [9ms]
2025-07-10 09:15:17.592 [info] > git config --get commit.template [7ms]
2025-07-10 09:15:17.592 [info] > git config --get --local branch.main.vscode-merge-base [8ms]
2025-07-10 09:15:17.592 [info] > git for-each-ref --format=%(refname)%00%(upstream:short)%00%(objectname)%00%(upstream:track)%00%(upstream:remotename)%00%(upstream:remoteref) refs/heads/main refs/remotes/main [7ms]
2025-07-10 09:15:17.592 [warning] [Git][revParse] Unable to read file: ENOENT: no such file or directory, open '/workspace/DG-OrnaScan-App/.git/refs/remotes/origin/main'
2025-07-10 09:15:17.592 [info] > git for-each-ref --format=%(refname)%00%(upstream:short)%00%(objectname)%00%(upstream:track)%00%(upstream:remotename)%00%(upstream:remoteref) refs/heads/origin/main refs/remotes/origin/main [6ms]
2025-07-10 09:15:17.592 [info] > git rev-parse refs/remotes/origin/main [9ms]
2025-07-10 09:15:17.592 [info] > git status -z -uall [7ms]
2025-07-10 09:15:17.592 [info] > git merge-base refs/heads/main refs/remotes/origin/main [13ms]
2025-07-10 09:15:17.592 [info] > git for-each-ref --sort -committerdate --format %(refname)%00%(objectname)%00%(*objectname) [8ms]
2025-07-10 09:15:17.592 [info] > git diff --name-status -z --diff-filter=ADMR fc7a11a6755374a719f15179854a8443353e98c8...refs/remotes/origin/main [10ms]
2025-07-10 09:15:17.592 [info] > git merge-base refs/heads/main refs/remotes/origin/main [3ms]
2025-07-10 09:15:17.592 [info] > git diff --name-status -z --diff-filter=ADMR fc7a11a6755374a719f15179854a8443353e98c8...refs/remotes/origin/main [3ms]
2025-07-10 09:15:18.288 [info] > git check-ignore -v -z --stdin [2ms]
2025-07-10 09:15:19.952 [warning] [Git][getHEAD] Failed to parse HEAD file: ENOENT: no such file or directory, open '/workspace/DG-OrnaScan-App/.git/HEAD'
2025-07-10 09:15:19.957 [warning] [Git][getRemotes] Error: ENOENT: no such file or directory, open '/workspace/DG-OrnaScan-App/.git/config'
2025-07-10 09:15:19.963 [info] > git remote --verbose [6ms]
2025-07-10 09:15:19.963 [info] > git symbolic-ref --short HEAD [11ms]
2025-07-10 09:15:19.969 [info] > git config --get commit.template [7ms]
2025-07-10 09:15:19.970 [info] > git for-each-ref --format=%(refname)%00%(upstream:short)%00%(objectname)%00%(upstream:track)%00%(upstream:remotename)%00%(upstream:remoteref) refs/heads/main refs/remotes/main [2ms]
2025-07-10 09:15:19.975 [warning] [Git][revParse] Unable to read file: ENOENT: no such file or directory, open '/workspace/DG-OrnaScan-App/.git/refs/remotes/origin/main'
2025-07-10 09:15:19.977 [info] > git rev-parse refs/remotes/origin/main [2ms]
2025-07-10 09:15:19.988 [info] > git status -z -uall [6ms]
2025-07-10 09:15:19.990 [info] > git for-each-ref --sort -committerdate --format %(refname)%00%(objectname)%00%(*objectname) [3ms]
2025-07-10 09:15:21.036 [warning] [Git][config] git config failed: spawn git ENOENT
