2025-07-10 09:10:30.336 [info] Log level: Info
2025-07-10 09:10:30.356 [info] VSCODE_MACHINE_ID: 7edfd025-3536-4be6-8364-874155fce277
2025-07-10 09:10:30.356 [info] VSCODE_SESSION_ID: 691ffc82-a430-419b-a036-23f788522bbb1752138624911
2025-07-10 09:10:30.356 [info] VSCODE_VERSION: 1.101.2
2025-07-10 09:10:30.356 [info] VSCODE_APP_NAME: Gitpod Code
2025-07-10 09:10:30.356 [info] VSCODE_APP_HOST: Gitpod
2025-07-10 09:10:30.356 [info] VSCODE_UI_KIND: web
2025-07-10 09:10:30.356 [info] GITPOD_WORKSPACE_CONTEXT_URL: https://github.com/AFsan3/DG-OrnaScan-App
2025-07-10 09:10:30.356 [info] GITPOD_INSTANCE_ID: 4673bfc2-c604-47d7-9802-860fcd4c2211
2025-07-10 09:10:30.356 [info] GITPOD_WORKSPACE_URL: https://afsan3-dgornascanapp-4h1l9n6gynu.ws-us120.gitpod.io
2025-07-10 09:10:30.366 [info] Gitpod Web 3953e81
2025-07-10 09:10:30.366 [info] Reading sessions from keychain...
2025-07-10 09:10:30.675 [info] Getting sessions for all scopes...
2025-07-10 09:10:30.675 [info] Getting sessions for all scopes...
2025-07-10 09:10:30.675 [info] Getting sessions for all scopes...
2025-07-10 09:10:30.675 [info] Getting GitHub sessions for all scopes...
2025-07-10 09:10:30.675 [info] Getting sessions for function:accessCodeSyncStorage...
2025-07-10 09:10:30.676 [info] Got stored sessions!
2025-07-10 09:10:30.676 [info] Verified session with the following scopes: function:accessCodeSyncStorage function:closePort function:controlAdmission function:deleteEnvVar function:generateNewGitpodToken function:getDefaultWorkspaceImage function:getGitpodTokenScopes function:getIDToken function:getLoggedInUser function:getOpenPorts function:getSupportedWorkspaceClasses function:getTeams function:getToken function:getWorkspace function:getWorkspaceEnvVars function:getWorkspaceOwner function:getWorkspaceTimeout function:getWorkspaceUsers function:guessGitTokenScopes function:isWorkspaceOwner function:openPort function:sendHeartBeat function:setEnvVar function:setWorkspaceTimeout function:stopWorkspace function:takeSnapshot function:trackEvent function:updateGitStatus function:waitForSnapshot resource:contentBlob::*::create/get resource:envVar::*/**::update resource:envVar::*/*::update resource:envVar::AFsan3/DG-OrnaScan-App::create/get/update/delete resource:gitpodToken::*::create resource:snapshot::ws-afsan3-dgornascanapp-4h1l9n6gynu::create resource:token::*::get resource:userStorage::*::create/get/update resource:workspace::afsan3-dgornascanapp-4h1l9n6gynu::get/update resource:workspaceInstance::4673bfc2-c604-47d7-9802-860fcd4c2211::get/update/delete
2025-07-10 09:10:30.676 [info] Got 1 verified sessions.
2025-07-10 09:10:30.676 [info] Got 1 sessions for all scopes...
2025-07-10 09:10:30.676 [info] Got 1 sessions for all scopes...
2025-07-10 09:10:30.676 [info] Got 1 sessions for all scopes...
2025-07-10 09:10:30.676 [info] Got 1 sessions for function:accessCodeSyncStorage...
2025-07-10 09:10:30.983 [info] Getting GitHub sessions for all scopes...
2025-07-10 09:10:30.983 [info] Getting GitHub sessions for all scopes...
2025-07-10 09:10:30.983 [info] Getting sessions for all scopes...
2025-07-10 09:10:30.984 [info] Got 1 sessions for all scopes...
2025-07-10 09:10:31.071 [info] Got 1 GitHub sessions for all scopes...
2025-07-10 09:10:31.071 [info] Got 1 GitHub sessions for all scopes...
2025-07-10 09:10:31.071 [info] Got 1 GitHub sessions for all scopes...
2025-07-10 09:10:31.568 [info] Getting GitHub sessions for all scopes...
2025-07-10 09:10:31.568 [info] Got 1 GitHub sessions for all scopes...
2025-07-10 09:10:31.818 [info] Getting GitHub sessions for read:user,repo,user:email,workflow...
2025-07-10 09:10:31.818 [info] Got 0 GitHub sessions for read:user,repo,user:email,workflow...
2025-07-10 09:10:32.493 [info] Getting GitHub sessions for project,read:org,read:user,repo,user:email,workflow...
2025-07-10 09:10:32.493 [info] Got 0 GitHub sessions for project,read:org,read:user,repo,user:email,workflow...
2025-07-10 09:10:36.154 [info] Getting GitHub sessions for read:user,repo,user:email,workflow...
2025-07-10 09:10:36.154 [info] Got 0 GitHub sessions for read:user,repo,user:email,workflow...
2025-07-10 09:11:13.958 [info] Getting GitHub sessions for read:user,repo,user:email...
2025-07-10 09:11:13.959 [info] Got 0 GitHub sessions for read:user,repo,user:email...
2025-07-10 09:11:14.673 [info] Getting GitHub sessions for read:user,repo,user:email,workflow...
2025-07-10 09:11:14.673 [info] Got 0 GitHub sessions for read:user,repo,user:email,workflow...
