2025-07-10 09:12:53.157 [info] [main] Log level: Info
2025-07-10 09:12:53.157 [info] [main] Validating found git in: "git"
2025-07-10 09:12:53.157 [info] [main] Using git "2.49.0" from "git"
2025-07-10 09:12:53.157 [info] [Model][doInitialScan] Initial repository scan started
2025-07-10 09:12:53.157 [info] > git rev-parse --show-toplevel [2ms]
2025-07-10 09:12:53.157 [info] > git rev-parse --git-dir --git-common-dir [2ms]
2025-07-10 09:12:53.157 [info] [Model][openRepository] Opened repository (path): /workspace/DG-OrnaScan-App
2025-07-10 09:12:53.157 [info] [Model][openRepository] Opened repository (real path): /workspace/DG-OrnaScan-App
2025-07-10 09:12:53.157 [info] > git config --get commit.template [6ms]
2025-07-10 09:12:53.157 [info] > git rev-parse --show-toplevel [9ms]
2025-07-10 09:12:53.157 [info] > git for-each-ref --format=%(refname)%00%(upstream:short)%00%(objectname)%00%(upstream:track)%00%(upstream:remotename)%00%(upstream:remoteref) refs/heads/main refs/remotes/main [8ms]
2025-07-10 09:12:53.157 [warning] [Git][revParse] Unable to read file: ENOENT: no such file or directory, open '/workspace/DG-OrnaScan-App/.git/refs/remotes/origin/main'
2025-07-10 09:12:53.157 [info] > git rev-parse --show-toplevel [7ms]
2025-07-10 09:12:53.157 [info] > git rev-parse refs/remotes/origin/main [7ms]
2025-07-10 09:12:53.157 [info] > git status -z -uall [9ms]
2025-07-10 09:12:53.157 [info] > git rev-parse --show-toplevel [15ms]
2025-07-10 09:12:53.157 [info] [Model][doInitialScan] Initial repository scan completed - repositories (1), closed repositories (0), parent repositories (0), unsafe repositories (0)
2025-07-10 09:12:53.157 [info] > git for-each-ref --sort -committerdate --format %(refname)%00%(objectname)%00%(*objectname) [3ms]
2025-07-10 09:12:53.157 [info] > git config --get commit.template [4ms]
2025-07-10 09:12:53.157 [info] > git for-each-ref --format=%(refname)%00%(upstream:short)%00%(objectname)%00%(upstream:track)%00%(upstream:remotename)%00%(upstream:remoteref) refs/heads/main refs/remotes/main [14ms]
2025-07-10 09:12:53.157 [info] > git config --get --local branch.main.vscode-merge-base [8ms]
2025-07-10 09:12:53.157 [info] > git for-each-ref --format=%(refname)%00%(upstream:short)%00%(objectname)%00%(upstream:track)%00%(upstream:remotename)%00%(upstream:remoteref) refs/heads/main refs/remotes/main [9ms]
2025-07-10 09:12:53.157 [warning] [Git][revParse] Unable to read file: ENOENT: no such file or directory, open '/workspace/DG-OrnaScan-App/.git/refs/remotes/origin/main'
2025-07-10 09:12:53.157 [info] > git for-each-ref --format=%(refname)%00%(upstream:short)%00%(objectname)%00%(upstream:track)%00%(upstream:remotename)%00%(upstream:remoteref) refs/heads/origin/main refs/remotes/origin/main [9ms]
2025-07-10 09:12:53.157 [info] > git rev-parse refs/remotes/origin/main [9ms]
2025-07-10 09:12:53.157 [info] > git status -z -uall [8ms]
2025-07-10 09:12:53.157 [info] > git merge-base refs/heads/main refs/remotes/origin/main [15ms]
2025-07-10 09:12:53.157 [info] > git for-each-ref --sort -committerdate --format %(refname)%00%(objectname)%00%(*objectname) [10ms]
2025-07-10 09:12:53.157 [info] > git diff --name-status -z --diff-filter=ADMR fc7a11a6755374a719f15179854a8443353e98c8...refs/remotes/origin/main [11ms]
2025-07-10 09:12:53.157 [info] > git merge-base refs/heads/main refs/remotes/origin/main [3ms]
2025-07-10 09:12:53.157 [info] > git diff --name-status -z --diff-filter=ADMR fc7a11a6755374a719f15179854a8443353e98c8...refs/remotes/origin/main [3ms]
2025-07-10 09:12:53.847 [info] > git check-ignore -v -z --stdin [2ms]
2025-07-10 09:12:56.727 [info] > git config --get --local branch.main.github-pr-owner-number [2ms]
2025-07-10 09:12:56.727 [warning] [Git][config] git config failed: Failed to execute git
