2025-07-10 09:12:52.202 [info] Log level: Info
2025-07-10 09:12:52.228 [info] VSCODE_MACHINE_ID: 7edfd025-3536-4be6-8364-874155fce277
2025-07-10 09:12:52.228 [info] VSCODE_SESSION_ID: 12c254f8-7d11-4047-9547-ee299e3e6b1f1752138766454
2025-07-10 09:12:52.228 [info] VSCODE_VERSION: 1.101.2
2025-07-10 09:12:52.228 [info] VSCODE_APP_NAME: Gitpod Code
2025-07-10 09:12:52.228 [info] VSCODE_APP_HOST: Gitpod
2025-07-10 09:12:52.228 [info] VSCODE_UI_KIND: web
2025-07-10 09:12:52.228 [info] GITPOD_WORKSPACE_CONTEXT_URL: https://github.com/AFsan3/DG-OrnaScan-App
2025-07-10 09:12:52.228 [info] GITPOD_INSTANCE_ID: 4673bfc2-c604-47d7-9802-860fcd4c2211
2025-07-10 09:12:52.228 [info] GITPOD_WORKSPACE_URL: https://afsan3-dgornascanapp-4h1l9n6gynu.ws-us120.gitpod.io
2025-07-10 09:12:52.236 [info] Gitpod Web 3953e81
2025-07-10 09:12:52.236 [info] Reading sessions from keychain...
2025-07-10 09:12:52.494 [info] Getting sessions for all scopes...
2025-07-10 09:12:52.494 [info] Getting sessions for all scopes...
2025-07-10 09:12:52.494 [info] Getting sessions for all scopes...
2025-07-10 09:12:52.494 [info] Getting GitHub sessions for all scopes...
2025-07-10 09:12:52.494 [info] Getting sessions for function:accessCodeSyncStorage...
2025-07-10 09:12:52.494 [info] Got stored sessions!
2025-07-10 09:12:52.494 [info] Verified session with the following scopes: function:accessCodeSyncStorage function:closePort function:controlAdmission function:deleteEnvVar function:generateNewGitpodToken function:getDefaultWorkspaceImage function:getGitpodTokenScopes function:getIDToken function:getLoggedInUser function:getOpenPorts function:getSupportedWorkspaceClasses function:getTeams function:getToken function:getWorkspace function:getWorkspaceEnvVars function:getWorkspaceOwner function:getWorkspaceTimeout function:getWorkspaceUsers function:guessGitTokenScopes function:isWorkspaceOwner function:openPort function:sendHeartBeat function:setEnvVar function:setWorkspaceTimeout function:stopWorkspace function:takeSnapshot function:trackEvent function:updateGitStatus function:waitForSnapshot resource:contentBlob::*::create/get resource:envVar::*/**::update resource:envVar::*/*::update resource:envVar::AFsan3/DG-OrnaScan-App::create/get/update/delete resource:gitpodToken::*::create resource:snapshot::ws-afsan3-dgornascanapp-4h1l9n6gynu::create resource:token::*::get resource:userStorage::*::create/get/update resource:workspace::afsan3-dgornascanapp-4h1l9n6gynu::get/update resource:workspaceInstance::4673bfc2-c604-47d7-9802-860fcd4c2211::get/update/delete
2025-07-10 09:12:52.494 [info] Got 1 verified sessions.
2025-07-10 09:12:52.494 [info] Got 1 sessions for all scopes...
2025-07-10 09:12:52.494 [info] Got 1 sessions for all scopes...
2025-07-10 09:12:52.494 [info] Got 1 sessions for all scopes...
2025-07-10 09:12:52.494 [info] Got 1 sessions for function:accessCodeSyncStorage...
2025-07-10 09:12:52.772 [info] Getting GitHub sessions for all scopes...
2025-07-10 09:12:52.772 [info] Getting GitHub sessions for all scopes...
2025-07-10 09:12:52.772 [info] Getting sessions for all scopes...
2025-07-10 09:12:52.772 [info] Got 1 sessions for all scopes...
2025-07-10 09:12:52.851 [info] Got 1 GitHub sessions for all scopes...
2025-07-10 09:12:52.851 [info] Got 1 GitHub sessions for all scopes...
2025-07-10 09:12:52.851 [info] Got 1 GitHub sessions for all scopes...
2025-07-10 09:12:53.103 [info] Getting GitHub sessions for all scopes...
2025-07-10 09:12:53.103 [info] Got 1 GitHub sessions for all scopes...
2025-07-10 09:12:53.588 [info] Getting GitHub sessions for read:user,repo,user:email,workflow...
2025-07-10 09:12:53.588 [info] Got 0 GitHub sessions for read:user,repo,user:email,workflow...
2025-07-10 09:12:54.063 [info] Getting GitHub sessions for project,read:org,read:user,repo,user:email,workflow...
2025-07-10 09:12:54.063 [info] Got 0 GitHub sessions for project,read:org,read:user,repo,user:email,workflow...
2025-07-10 09:12:54.787 [info] Getting GitHub sessions for read:user,repo,user:email,workflow...
2025-07-10 09:12:54.788 [info] Got 0 GitHub sessions for read:user,repo,user:email,workflow...
2025-07-10 09:12:55.492 [info] Getting GitHub sessions for read:user,repo,user:email...
2025-07-10 09:12:55.492 [info] Got 0 GitHub sessions for read:user,repo,user:email...
2025-07-10 09:12:56.193 [info] Getting GitHub sessions for read:user,repo,user:email,workflow...
2025-07-10 09:12:56.193 [info] Got 0 GitHub sessions for read:user,repo,user:email,workflow...
